2025-02-12 02:50:44,298 - INFO - 🔄 Начало процесса генерации медиа...
2025-02-12 02:50:44,299 - INFO - 📄 Чтение файла: C:\Users\boyar\b2\config\config_gen.json
2025-02-12 02:50:44,300 - INFO - 📂 ID генерации: 20250211-2350
2025-02-12 02:50:45,882 - INFO - 🔄 Загрузка файла из B2: config/config_public.json -> C:\Users\boyar\b2\config_public.json
2025-02-12 02:50:49,538 - INFO - ✅ Файл 'config/config_public.json' успешно загружен в C:\Users\boyar\b2\config_public.json
2025-02-12 02:50:49,544 - INFO - 📄 Загруженный config_public.json: {'publish': '444/, 555/, 666/', 'empty': ['666/', '555/'], 'processing_lock': False}
2025-02-12 02:50:49,546 - INFO - 🎯 Выбрана папка для загрузки: 666/
2025-02-12 02:50:49,548 - INFO - 📄 Чтение сгенерированного контента из: generated_content.json
2025-02-12 02:50:49,551 - ERROR - ❌ Ошибка в процессе генерации медиа: ❌ Ошибка: Текст поста пуст!
2025-02-12 02:50:49,602 - ERROR - ❌ Ошибка в контексте 'Ошибка в процессе генерации медиа': ❌ Ошибка: Текст поста пуст!
2025-04-06 00:28:24,003 - INFO - 🔄 Начало процесса генерации медиа...
2025-04-06 00:28:24,019 - INFO - 📄 Чтение файла: C:\Users\boyar\b2\config\config_gen.json
2025-04-06 00:28:24,123 - INFO - 📂 ID генерации: 20250211-2350
2025-04-06 00:28:29,235 - INFO - 🔄 Загрузка файла из B2: config/config_public.json -> C:\Users\boyar\b2\config_public.json
2025-04-06 00:28:29,255 - ERROR - ❌ Ошибка загрузки config/config_public.json: Unable to locate credentials
2025-04-06 00:28:29,258 - ERROR - ❌ Ошибка в процессе генерации медиа: handle_error() missing 1 required positional argument: 'exception'
2025-04-06 00:28:29,264 - ERROR - ❌ Ошибка в контексте 'Ошибка в процессе генерации медиа': handle_error() missing 1 required positional argument: 'exception'
2025-04-06 00:29:36,973 - INFO - 🔄 Начало процесса генерации медиа...
2025-04-06 00:29:36,976 - INFO - 📄 Чтение файла: C:\Users\boyar\b2\config\config_gen.json
2025-04-06 00:29:36,987 - INFO - 📂 ID генерации: 20250211-2350
2025-04-06 00:29:38,133 - INFO - 🔄 Загрузка файла из B2: config/config_public.json -> C:\Users\boyar\b2\config_public.json
2025-04-06 00:29:38,152 - ERROR - ❌ Ошибка загрузки config/config_public.json: Unable to locate credentials
2025-04-06 00:29:38,155 - ERROR - ❌ Ошибка в процессе генерации медиа: handle_error() missing 1 required positional argument: 'exception'
2025-04-06 00:29:38,158 - ERROR - ❌ Ошибка в контексте 'Ошибка в процессе генерации медиа': handle_error() missing 1 required positional argument: 'exception'
2025-04-23 03:47:34,136 - INFO - Logger generate_media is now active.
2025-04-23 03:47:34,225 - INFO - Размеры изображения/плейсхолдера: 1280x720
2025-04-23 03:48:01,020 - INFO - Используется финальный промпт MJ: A dimly lit, cluttered workshop with a wooden table in the foreground, its surface scattered with to...
2025-04-23 03:48:01,022 - INFO - Инициация задачи MJ...
2025-04-23 03:48:01,031 - INFO - Отправка запроса на https://api.piapi.ai/api/v1/task...
2025-04-23 03:48:02,758 - INFO - ✅ Получен task_id MJ: 6ec28406-32b4-4db9-b3c3-5201b84520f5 (запрошено в 2025-04-23T00:48:01.022093+00:00)
2025-04-23 03:50:20,464 - INFO - Запуск генерации видео Runway для: C:\Users\boyar\777\555\55\20250414-1527_mj_final.png
2025-04-23 03:50:20,466 - ERROR - ❌ SDK RunwayML недоступен.
