2025-04-23 03:47:34,271 - INFO - ConfigManager инициализирован.
2025-04-23 03:48:02,823 - INFO - 🔍 Проверка статуса задачи 6ec28406-32b4-4db9-b3c3-5201b84520f5 на https://api.piapi.ai/mj/v2/fetch... (Таймаут: 120 сек)
2025-04-23 03:48:04,140 - INFO - ✅ Статус получен для задачи 6ec28406-32b4-4db9-b3c3-5201b84520f5.
2025-04-23 03:48:04,141 - INFO - Текущий статус: pending, Прогресс: None
2025-04-23 03:48:19,151 - INFO - 🔍 Проверка статуса задачи 6ec28406-32b4-4db9-b3c3-5201b84520f5 на https://api.piapi.ai/mj/v2/fetch... (Таймаут: 120 сек)
2025-04-23 03:48:20,439 - INFO - ✅ Статус получен для задачи 6ec28406-32b4-4db9-b3c3-5201b84520f5.
2025-04-23 03:48:20,440 - INFO - Текущий статус: processing, Прогресс: None
2025-04-23 03:48:35,448 - INFO - 🔍 Проверка статуса задачи 6ec28406-32b4-4db9-b3c3-5201b84520f5 на https://api.piapi.ai/mj/v2/fetch... (Таймаут: 120 сек)
2025-04-23 03:48:36,640 - INFO - ✅ Статус получен для задачи 6ec28406-32b4-4db9-b3c3-5201b84520f5.
2025-04-23 03:48:36,641 - INFO - Текущий статус: processing, Прогресс: None
2025-04-23 03:48:51,650 - INFO - 🔍 Проверка статуса задачи 6ec28406-32b4-4db9-b3c3-5201b84520f5 на https://api.piapi.ai/mj/v2/fetch... (Таймаут: 120 сек)
2025-04-23 03:48:52,863 - INFO - ✅ Статус получен для задачи 6ec28406-32b4-4db9-b3c3-5201b84520f5.
2025-04-23 03:48:52,870 - INFO - Текущий статус: processing, Прогресс: None
2025-04-23 03:49:07,880 - INFO - 🔍 Проверка статуса задачи 6ec28406-32b4-4db9-b3c3-5201b84520f5 на https://api.piapi.ai/mj/v2/fetch... (Таймаут: 120 сек)
2025-04-23 03:49:09,162 - INFO - ✅ Статус получен для задачи 6ec28406-32b4-4db9-b3c3-5201b84520f5.
2025-04-23 03:49:09,163 - INFO - Текущий статус: processing, Прогресс: None
2025-04-23 03:49:24,171 - INFO - 🔍 Проверка статуса задачи 6ec28406-32b4-4db9-b3c3-5201b84520f5 на https://api.piapi.ai/mj/v2/fetch... (Таймаут: 120 сек)
2025-04-23 03:49:25,371 - INFO - ✅ Статус получен для задачи 6ec28406-32b4-4db9-b3c3-5201b84520f5.
2025-04-23 03:49:25,433 - INFO - Текущий статус: processing, Прогресс: None
2025-04-23 03:49:40,447 - INFO - 🔍 Проверка статуса задачи 6ec28406-32b4-4db9-b3c3-5201b84520f5 на https://api.piapi.ai/mj/v2/fetch... (Таймаут: 120 сек)
2025-04-23 03:49:41,850 - INFO - ✅ Статус получен для задачи 6ec28406-32b4-4db9-b3c3-5201b84520f5.
2025-04-23 03:49:41,880 - INFO - Текущий статус: finished, Прогресс: None
2025-04-23 03:49:43,388 - INFO - 🔍 Проверка статуса задачи 2687718e-b89e-4982-a1dc-62f8372095bc на https://api.piapi.ai/mj/v2/fetch... (Таймаут: 120 сек)
2025-04-23 03:49:44,694 - INFO - ✅ Статус получен для задачи 2687718e-b89e-4982-a1dc-62f8372095bc.
2025-04-23 03:49:44,696 - INFO - Текущий статус: pending, Прогресс: None
2025-04-23 03:49:59,705 - INFO - 🔍 Проверка статуса задачи 2687718e-b89e-4982-a1dc-62f8372095bc на https://api.piapi.ai/mj/v2/fetch... (Таймаут: 120 сек)
2025-04-23 03:50:00,751 - INFO - ✅ Статус получен для задачи 2687718e-b89e-4982-a1dc-62f8372095bc.
2025-04-23 03:50:00,752 - INFO - Текущий статус: processing, Прогресс: None
2025-04-23 03:50:15,805 - INFO - 🔍 Проверка статуса задачи 2687718e-b89e-4982-a1dc-62f8372095bc на https://api.piapi.ai/mj/v2/fetch... (Таймаут: 120 сек)
2025-04-23 03:50:17,231 - INFO - ✅ Статус получен для задачи 2687718e-b89e-4982-a1dc-62f8372095bc.
2025-04-23 03:50:17,232 - INFO - Текущий статус: finished, Прогресс: None
